#-----------------------------------------------------------
# Vivado v2020.1 (64-bit)
# SW Build 2902540 on Wed May 27 19:54:49 MDT 2020
# IP Build 2902112 on Wed May 27 22:43:36 MDT 2020
# Start of session at: Fri Dec 18 13:21:25 2020
# Process ID: 1724
# Current directory: D:/Dedsecr/Vivado/Lock
# Command line: vivado.exe -gui_launcher_event rodinguilauncherevent13000 D:\Dedsecr\Vivado\Lock\LOCK.xpr
# Log file: D:/Dedsecr/Vivado/Lock/vivado.log
# Journal file: D:/Dedsecr/Vivado/Lock\vivado.jou
#-----------------------------------------------------------
start_gui
open_project D:/Dedsecr/Vivado/Lock/LOCK.xpr
Scanning sources...
Finished scanning sources
INFO: [IP_Flow 19-234] Refreshing IP repositories
INFO: [IP_Flow 19-1704] No user IP repositories specified
INFO: [IP_Flow 19-2313] Loaded Vivado IP repository 'E:/Xilinx/Vivado/2020.1/data/ip'.
open_project: Time (s): cpu = 00:00:13 ; elapsed = 00:00:06 . Memory (MB): peak = 1035.176 ; gain = 0.000
exit
INFO: [Common 17-206] Exiting Vivado at Fri Dec 18 13:27:37 2020...
