This is pdfTeX, Version 3.14159265-2.6-1.40.21 (TeX Live 2020/W32TeX) (preloaded format=pdflatex 2020.8.3)  8 DEC 2021 23:40
entering extended mode
 restricted \write18 enabled.
 %&-line parsing enabled.
**report.tex
(./report.tex
LaTeX2e <2020-02-02> patch level 5
L3 programming layer <2020-07-17>
(d:/texlive/2020/texmf-dist/tex/latex/base/article.cls
Document Class: article 2019/12/20 v1.4l Standard LaTeX document class
(d:/texlive/2020/texmf-dist/tex/latex/base/size11.clo
File: size11.clo 2019/12/20 v1.4l Standard LaTeX file (size option)
)
\c@part=\count168
\c@section=\count169
\c@subsection=\count170
\c@subsubsection=\count171
\c@paragraph=\count172
\c@subparagraph=\count173
\c@figure=\count174
\c@table=\count175
\abovecaptionskip=\skip47
\belowcaptionskip=\skip48
\bibindent=\dimen134
) (./acl2021.sty
(d:/texlive/2020/texmf-dist/tex/latex/hyperref/hyperref.sty
Package: hyperref 2020-05-15 v7.00e Hypertext links for LaTeX

(d:/texlive/2020/texmf-dist/tex/generic/ltxcmds/ltxcmds.sty
Package: ltxcmds 2019/12/15 v1.24 LaTeX kernel commands for general use (HO)
)
(d:/texlive/2020/texmf-dist/tex/generic/iftex/iftex.sty
Package: iftex 2020/03/06 v1.0d TeX engine tests
)
(d:/texlive/2020/texmf-dist/tex/generic/pdftexcmds/pdftexcmds.sty
Package: pdftexcmds 2020-06-27 v0.33 Utility functions of pdfTeX for LuaTeX (HO
)

(d:/texlive/2020/texmf-dist/tex/generic/infwarerr/infwarerr.sty
Package: infwarerr 2019/12/03 v1.5 Providing info/warning/error messages (HO)
)
Package pdftexcmds Info: \pdf@primitive is available.
Package pdftexcmds Info: \pdf@ifprimitive is available.
Package pdftexcmds Info: \pdfdraftmode found.
)
(d:/texlive/2020/texmf-dist/tex/latex/graphics/keyval.sty
Package: keyval 2014/10/28 v1.15 key=value parser (DPC)
\KV@toks@=\toks15
)
(d:/texlive/2020/texmf-dist/tex/generic/kvsetkeys/kvsetkeys.sty
Package: kvsetkeys 2019/12/15 v1.18 Key value parser (HO)
)
(d:/texlive/2020/texmf-dist/tex/generic/kvdefinekeys/kvdefinekeys.sty
Package: kvdefinekeys 2019-12-19 v1.6 Define keys (HO)
)
(d:/texlive/2020/texmf-dist/tex/generic/pdfescape/pdfescape.sty
Package: pdfescape 2019/12/09 v1.15 Implements pdfTeX's escape features (HO)
)
(d:/texlive/2020/texmf-dist/tex/latex/hycolor/hycolor.sty
Package: hycolor 2020-01-27 v1.10 Color options for hyperref/bookmark (HO)
)
(d:/texlive/2020/texmf-dist/tex/latex/letltxmacro/letltxmacro.sty
Package: letltxmacro 2019/12/03 v1.6 Let assignment for LaTeX macros (HO)
)
(d:/texlive/2020/texmf-dist/tex/latex/auxhook/auxhook.sty
Package: auxhook 2019-12-17 v1.6 Hooks for auxiliary files (HO)
)
(d:/texlive/2020/texmf-dist/tex/latex/kvoptions/kvoptions.sty
Package: kvoptions 2019/11/29 v3.13 Key value format for package options (HO)
)
\@linkdim=\dimen135
\Hy@linkcounter=\count176
\Hy@pagecounter=\count177

(d:/texlive/2020/texmf-dist/tex/latex/hyperref/pd1enc.def
File: pd1enc.def 2020-05-15 v7.00e Hyperref: PDFDocEncoding definition (HO)
Now handling font encoding PD1 ...
... no UTF-8 mapping file for font encoding PD1
)
(d:/texlive/2020/texmf-dist/tex/generic/intcalc/intcalc.sty
Package: intcalc 2019/12/15 v1.3 Expandable calculations with integers (HO)
)
(d:/texlive/2020/texmf-dist/tex/generic/etexcmds/etexcmds.sty
Package: etexcmds 2019/12/15 v1.7 Avoid name clashes with e-TeX commands (HO)
)
\Hy@SavedSpaceFactor=\count178
Package hyperref Info: Hyper figures OFF on input line 4464.
Package hyperref Info: Link nesting OFF on input line 4469.
Package hyperref Info: Hyper index ON on input line 4472.
Package hyperref Info: Plain pages OFF on input line 4479.
Package hyperref Info: Backreferencing OFF on input line 4484.
Package hyperref Info: Implicit mode ON; LaTeX internals redefined.
Package hyperref Info: Bookmarks ON on input line 4717.
\c@Hy@tempcnt=\count179

(d:/texlive/2020/texmf-dist/tex/latex/url/url.sty
\Urlmuskip=\muskip16
Package: url 2013/09/16  ver 3.4  Verb mode for urls, etc.
)
LaTeX Info: Redefining \url on input line 5076.
\XeTeXLinkMargin=\dimen136

(d:/texlive/2020/texmf-dist/tex/generic/bitset/bitset.sty
Package: bitset 2019/12/09 v1.3 Handle bit-vector datatype (HO)

(d:/texlive/2020/texmf-dist/tex/generic/bigintcalc/bigintcalc.sty
Package: bigintcalc 2019/12/15 v1.5 Expandable calculations on big integers (HO
)
))
\Fld@menulength=\count180
\Field@Width=\dimen137
\Fld@charsize=\dimen138
Package hyperref Info: Hyper figures OFF on input line 6347.
Package hyperref Info: Link nesting OFF on input line 6352.
Package hyperref Info: Hyper index ON on input line 6355.
Package hyperref Info: backreferencing OFF on input line 6362.
Package hyperref Info: Link coloring OFF on input line 6367.
Package hyperref Info: Link coloring with OCG OFF on input line 6372.
Package hyperref Info: PDF/A mode OFF on input line 6377.
LaTeX Info: Redefining \ref on input line 6417.
LaTeX Info: Redefining \pageref on input line 6421.

(d:/texlive/2020/texmf-dist/tex/generic/atbegshi/atbegshi.sty
Package: atbegshi 2019/12/05 v1.19 At begin shipout hook (HO)
)
\Hy@abspage=\count181
\c@Item=\count182
\c@Hfootnote=\count183
)
Package hyperref Info: Driver (autodetected): hpdftex.

(d:/texlive/2020/texmf-dist/tex/latex/hyperref/hpdftex.def
File: hpdftex.def 2020-05-15 v7.00e Hyperref driver for pdfTeX

(d:/texlive/2020/texmf-dist/tex/latex/atveryend/atveryend.sty
Package: atveryend 2019-12-11 v1.11 Hooks at the very end of document (HO)
Package atveryend Info: \enddocument detected (standard20110627).
)
\Fld@listcount=\count184
\c@bookmark@seq@number=\count185

(d:/texlive/2020/texmf-dist/tex/latex/rerunfilecheck/rerunfilecheck.sty
Package: rerunfilecheck 2019/12/05 v1.9 Rerun checks for auxiliary files (HO)

(d:/texlive/2020/texmf-dist/tex/generic/uniquecounter/uniquecounter.sty
Package: uniquecounter 2019/12/15 v1.4 Provide unlimited unique counter (HO)
)
Package uniquecounter Info: New unique counter `rerunfilecheck' on input line 2
86.
)
\Hy@SectionHShift=\skip49
)
(d:/texlive/2020/texmf-dist/tex/latex/xcolor/xcolor.sty
Package: xcolor 2016/05/11 v2.12 LaTeX color extensions (UK)

(d:/texlive/2020/texmf-dist/tex/latex/graphics-cfg/color.cfg
File: color.cfg 2016/01/02 v1.6 sample color configuration
)
Package xcolor Info: Driver file: pdftex.def on input line 225.

(d:/texlive/2020/texmf-dist/tex/latex/graphics-def/pdftex.def
File: pdftex.def 2018/01/08 v1.0l Graphics/color driver for pdftex
)
Package xcolor Info: Model `cmy' substituted by `cmy0' on input line 1348.
Package xcolor Info: Model `hsb' substituted by `rgb' on input line 1352.
Package xcolor Info: Model `RGB' extended on input line 1364.
Package xcolor Info: Model `HTML' substituted by `rgb' on input line 1366.
Package xcolor Info: Model `Hsb' substituted by `hsb' on input line 1367.
Package xcolor Info: Model `tHsb' substituted by `hsb' on input line 1368.
Package xcolor Info: Model `HSB' substituted by `hsb' on input line 1369.
Package xcolor Info: Model `Gray' substituted by `gray' on input line 1370.
Package xcolor Info: Model `wave' substituted by `hsb' on input line 1371.
)
Package hyperref Info: Option `colorlinks' set `true' on input line 106.

Conference Style for ACL-IJCNLP 2021
\titlebox=\skip50
\aclrulerbox=\box45
\aclrulercount=\count186
\aclruleroffset=\dimen139
\cv@lineheight=\dimen140
\cv@boxheight=\dimen141
\cv@tmpbox=\box46
\cv@refno=\count187
\cv@tot=\count188
\cv@tmpc@=\count189
\cv@tmpc=\count190
(d:/texlive/2020/texmf-dist/tex/latex/caption/caption.sty
Package: caption 2020/05/30 v3.4k Customizing captions (AR)

(d:/texlive/2020/texmf-dist/tex/latex/caption/caption3.sty
Package: caption3 2020/07/20 v1.12b caption3 kernel (AR)
Package caption3 Info: TeX engine: e-TeX on input line 61.
\captionmargin=\dimen142
\captionmargin@=\dimen143
\captionwidth=\dimen144
\caption@tempdima=\dimen145
\caption@indent=\dimen146
\caption@parindent=\dimen147
\caption@hangindent=\dimen148
Package caption Info: Standard document class detected.
)
\c@caption@flags=\count191
\c@continuedfloat=\count192
Package caption Info: hyperref package is loaded.
)
(d:/texlive/2020/texmf-dist/tex/latex/natbib/natbib.sty
Package: natbib 2010/09/13 8.31b (PWD, AO)
\bibhang=\skip51
\bibsep=\skip52
LaTeX Info: Redefining \cite on input line 694.
\c@NAT@ctr=\count193
)
(d:/texlive/2020/texmf-dist/tex/latex/etoolbox/etoolbox.sty
Package: etoolbox 2020/07/15 v2.5i e-TeX tools for LaTeX (JAW)
\etb@tempcnta=\count194
))
(d:/texlive/2020/texmf-dist/tex/latex/psnfss/times.sty
Package: times 2020/03/25 PSNFSS-v9.3 (SPQR) 
)
(d:/texlive/2020/texmf-dist/tex/latex/base/latexsym.sty
Package: latexsym 1998/08/17 v2.2e Standard LaTeX package (lasy symbols)
\symlasy=\mathgroup4
LaTeX Font Info:    Overwriting symbol font `lasy' in version `bold'
(Font)                  U/lasy/m/n --> U/lasy/b/n on input line 52.
)
(d:/texlive/2020/texmf-dist/tex/latex/ctex/ctex.sty
(d:/texlive/2020/texmf-dist/tex/latex/l3kernel/expl3.sty
Package: expl3 2020-07-17 L3 programming layer (loader) 

(d:/texlive/2020/texmf-dist/tex/latex/l3backend/l3backend-pdfmode.def
File: l3backend-pdfmode.def 2020-06-29 L3 backend support: PDF mode
\l__kernel_color_stack_int=\count195
\l__pdf_internal_box=\box47
))
Package: ctex 2020/06/06 v2.5.3 Chinese adapter in LaTeX (CTEX)

(d:/texlive/2020/texmf-dist/tex/latex/l3packages/xparse/xparse.sty
Package: xparse 2020-05-15 L3 Experimental document command parser

(d:/texlive/2020/texmf-dist/tex/latex/l3packages/xparse/xparse-generic.tex
\l__xparse_current_arg_int=\count196
\g__xparse_grabber_int=\count197
\l__xparse_m_args_int=\count198
\l__xparse_v_nesting_int=\count199
))
(d:/texlive/2020/texmf-dist/tex/latex/l3packages/l3keys2e/l3keys2e.sty
Package: l3keys2e 2020-05-15 LaTeX2e option processing using LaTeX3 keys
)
(d:/texlive/2020/texmf-dist/tex/latex/ctex/ctexhook.sty
Package: ctexhook 2020/06/06 v2.5.3 Document and package hooks (CTEX)
)
(d:/texlive/2020/texmf-dist/tex/latex/ctex/ctexpatch.sty
Package: ctexpatch 2020/06/06 v2.5.3 Patching commands (CTEX)
)
(d:/texlive/2020/texmf-dist/tex/latex/base/fix-cm.sty
Package: fix-cm 2015/01/14 v1.1t fixes to LaTeX

(d:/texlive/2020/texmf-dist/tex/latex/base/ts1enc.def
File: ts1enc.def 2001/06/05 v3.0e (jk/car/fm) Standard LaTeX file
LaTeX Font Info:    Redeclaring font encoding TS1 on input line 47.
))
(d:/texlive/2020/texmf-dist/tex/latex/ms/everysel.sty
Package: everysel 2011/10/28 v1.2 EverySelectfont Package (MS)
)
\l__ctex_tmp_int=\count266
\l__ctex_tmp_box=\box48
\l__ctex_tmp_dim=\dimen149
\g__ctex_section_depth_int=\count267
\g__ctex_font_size_int=\count268

(d:/texlive/2020/texmf-dist/tex/latex/ctex/config/ctexopts.cfg
File: ctexopts.cfg 2020/06/06 v2.5.3 Option configuration file (CTEX)
)

Package ctex Warning: UTF8 will be used as the default encoding.

(d:/texlive/2020/texmf-dist/tex/latex/ctex/engine/ctex-engine-pdftex.def
File: ctex-engine-pdftex.def 2020/06/06 v2.5.3 (pdf)LaTeX adapter (CTEX)

(d:/texlive/2020/texmf-dist/tex/latex/cjk/texinput/CJKutf8.sty
Package: CJKutf8 2015/04/18 4.8.4

(d:/texlive/2020/texmf-dist/tex/generic/iftex/ifpdf.sty
Package: ifpdf 2019/10/25 v3.4 ifpdf legacy package. Use iftex instead.
)
(d:/texlive/2020/texmf-dist/tex/latex/base/inputenc.sty
Package: inputenc 2018/08/11 v1.3c Input encoding file
\inpenc@prehook=\toks16
\inpenc@posthook=\toks17
)
(d:/texlive/2020/texmf-dist/tex/latex/cjk/texinput/CJK.sty
Package: CJK 2015/04/18 4.8.4

(d:/texlive/2020/texmf-dist/tex/latex/cjk/texinput/mule/MULEenc.sty
Package: MULEenc 2015/04/18 4.8.4
)
(d:/texlive/2020/texmf-dist/tex/latex/cjk/texinput/CJK.enc
File: CJK.enc 2015/04/18 4.8.4
Now handling font encoding C00 ...
... no UTF-8 mapping file for font encoding C00
Now handling font encoding C05 ...
... no UTF-8 mapping file for font encoding C05
Now handling font encoding C09 ...
... no UTF-8 mapping file for font encoding C09
Now handling font encoding C10 ...
... no UTF-8 mapping file for font encoding C10
Now handling font encoding C20 ...
... no UTF-8 mapping file for font encoding C20
Now handling font encoding C19 ...
... no UTF-8 mapping file for font encoding C19
Now handling font encoding C40 ...
... no UTF-8 mapping file for font encoding C40
Now handling font encoding C42 ...
... no UTF-8 mapping file for font encoding C42
Now handling font encoding C43 ...
... no UTF-8 mapping file for font encoding C43
Now handling font encoding C50 ...
... no UTF-8 mapping file for font encoding C50
Now handling font encoding C52 ...
... no UTF-8 mapping file for font encoding C52
Now handling font encoding C49 ...
... no UTF-8 mapping file for font encoding C49
Now handling font encoding C60 ...
... no UTF-8 mapping file for font encoding C60
Now handling font encoding C61 ...
... no UTF-8 mapping file for font encoding C61
Now handling font encoding C63 ...
... no UTF-8 mapping file for font encoding C63
Now handling font encoding C64 ...
... no UTF-8 mapping file for font encoding C64
Now handling font encoding C65 ...
... no UTF-8 mapping file for font encoding C65
Now handling font encoding C70 ...
... no UTF-8 mapping file for font encoding C70
Now handling font encoding C31 ...
... no UTF-8 mapping file for font encoding C31
Now handling font encoding C32 ...
... no UTF-8 mapping file for font encoding C32
Now handling font encoding C33 ...
... no UTF-8 mapping file for font encoding C33
Now handling font encoding C34 ...
... no UTF-8 mapping file for font encoding C34
Now handling font encoding C35 ...
... no UTF-8 mapping file for font encoding C35
Now handling font encoding C36 ...
... no UTF-8 mapping file for font encoding C36
Now handling font encoding C37 ...
... no UTF-8 mapping file for font encoding C37
Now handling font encoding C80 ...
... no UTF-8 mapping file for font encoding C80
Now handling font encoding C81 ...
... no UTF-8 mapping file for font encoding C81
Now handling font encoding C01 ...
... no UTF-8 mapping file for font encoding C01
Now handling font encoding C11 ...
... no UTF-8 mapping file for font encoding C11
Now handling font encoding C21 ...
... no UTF-8 mapping file for font encoding C21
Now handling font encoding C41 ...
... no UTF-8 mapping file for font encoding C41
Now handling font encoding C62 ...
... no UTF-8 mapping file for font encoding C62
)
LaTeX Info: Redefining \selectfont on input line 755.
\CJK@indent=\box49
)
(d:/texlive/2020/texmf-dist/tex/latex/base/fontenc.sty
Package: fontenc 2020/02/11 v2.0o Standard LaTeX package
LaTeX Font Info:    Trying to load font information for OT1+ptm on input line 1
12.

(d:/texlive/2020/texmf-dist/tex/latex/psnfss/ot1ptm.fd
File: ot1ptm.fd 2001/06/04 font definitions for OT1/ptm.
)))
(d:/texlive/2020/texmf-dist/tex/latex/cjkpunct/CJKpunct.sty
Package: CJKpunct 2016/05/14 4.8.4
\CJKpunct@cnta=\count269
\CJKpunct@cntb=\count270
\CJKpunct@cntc=\count271
\CJKpunct@cntd=\count272
\CJKpunct@cnte=\count273
   defining Unicode char U+2018 (decimal 8216)
   defining Unicode char U+2019 (decimal 8217)
   defining Unicode char U+201C (decimal 8220)
   defining Unicode char U+201D (decimal 8221)
   defining Unicode char U+2014 (decimal 8212)
   defining Unicode char U+2026 (decimal 8230)

(d:/texlive/2020/texmf-dist/tex/latex/cjkpunct/CJKpunct.spa))
(d:/texlive/2020/texmf-dist/tex/latex/cjk/texinput/CJKspace.sty
Package: CJKspace 2015/04/18 3.8.0
)
(d:/texlive/2020/texmf-dist/tex/latex/ctex/ctexspa.def
File: ctexspa.def 2020/06/06 v2.5.3 Space info for CJKpunct (CTEX)
)

Package hyperref Warning: Option `driverfallback' has already been used,
(hyperref)                setting the option has no effect on input line 296.

Package hyperref Info: Option `unicode' set `true' on input line 314.
(d:/texlive/2020/texmf-dist/tex/latex/hyperref/puenc.def
File: puenc.def 2020-05-15 v7.00e Hyperref: PDF Unicode definition (HO)
Now handling font encoding PU ...
... no UTF-8 mapping file for font encoding PU
)
\ccwd=\dimen150
\l__ctex_ccglue_skip=\skip53
)
\l__ctex_ziju_dim=\dimen151

(d:/texlive/2020/texmf-dist/tex/latex/zhnumber/zhnumber.sty
Package: zhnumber 2020/05/01 v2.8 Typesetting numbers with Chinese glyphs
\l__zhnum_scale_int=\count274
\l__zhnum_byte_min_int=\count275
\l__zhnum_byte_max_int=\count276

(d:/texlive/2020/texmf-dist/tex/latex/zhnumber/zhnumber-utf8.cfg
File: zhnumber-utf8.cfg 2020/05/01 v2.8 Chinese numerals with UTF8 encoding
))
(d:/texlive/2020/texmf-dist/tex/latex/ctex/scheme/ctex-scheme-chinese.def
File: ctex-scheme-chinese.def 2020/06/06 v2.5.3 Chinese scheme for generic (CTE
X)

(d:/texlive/2020/texmf-dist/tex/latex/ctex/config/ctex-name-utf8.cfg
File: ctex-name-utf8.cfg 2020/06/06 v2.5.3 Caption with encoding UTF-8 (CTEX)
))
(d:/texlive/2020/texmf-dist/tex/latex/tools/indentfirst.sty
Package: indentfirst 1995/11/23 v1.03 Indent first paragraph (DPC)
)
(d:/texlive/2020/texmf-dist/tex/latex/ctex/fontset/ctex-fontset-windows.def
File: ctex-fontset-windows.def 2020/06/06 v2.5.3 Windows fonts definition (CTEX
)
))
(d:/texlive/2020/texmf-dist/tex/latex/ctex/config/ctex.cfg
File: ctex.cfg 2020/06/06 v2.5.3 Configuration file (CTEX)
)
(d:/texlive/2020/texmf-dist/tex/latex/multirow/multirow.sty
Package: multirow 2019/05/31 v2.5 Span multiple rows of a table
\multirow@colwidth=\skip54
\multirow@cntb=\count277
\multirow@dima=\skip55
\bigstrutjot=\dimen152
)
(d:/texlive/2020/texmf-dist/tex/latex/graphics/graphicx.sty
Package: graphicx 2019/11/30 v1.2a Enhanced LaTeX Graphics (DPC,SPQR)

(d:/texlive/2020/texmf-dist/tex/latex/graphics/graphics.sty
Package: graphics 2019/11/30 v1.4a Standard LaTeX Graphics (DPC,SPQR)

(d:/texlive/2020/texmf-dist/tex/latex/graphics/trig.sty
Package: trig 2016/01/03 v1.10 sin cos tan (DPC)
)
(d:/texlive/2020/texmf-dist/tex/latex/graphics-cfg/graphics.cfg
File: graphics.cfg 2016/06/04 v1.11 sample graphics configuration
)
Package graphics Info: Driver file: pdftex.def on input line 105.
)
\Gin@req@height=\dimen153
\Gin@req@width=\dimen154
)
(d:/texlive/2020/texmf-dist/tex/latex/microtype/microtype.sty
Package: microtype 2019/11/18 v2.7d Micro-typographical refinements (RS)
\MT@toks=\toks18
\MT@count=\count278
LaTeX Info: Redefining \textls on input line 790.
\MT@outer@kern=\dimen155
LaTeX Info: Redefining \textmicrotypecontext on input line 1354.
\MT@listname@count=\count279

(d:/texlive/2020/texmf-dist/tex/latex/microtype/microtype-pdftex.def
File: microtype-pdftex.def 2019/11/18 v2.7d Definitions specific to pdftex (RS)

LaTeX Info: Redefining \lsstyle on input line 914.
LaTeX Info: Redefining \lslig on input line 914.
\MT@outer@space=\skip56
)
Package microtype Info: Loading configuration file microtype.cfg.

(d:/texlive/2020/texmf-dist/tex/latex/microtype/microtype.cfg
File: microtype.cfg 2019/11/18 v2.7d microtype main configuration file (RS)
))
(d:/texlive/2020/texmf-dist/tex/latex/algorithms/algorithm.sty
Package: algorithm 2009/08/24 v0.1 Document Style `algorithm' - floating enviro
nment

(d:/texlive/2020/texmf-dist/tex/latex/float/float.sty
Package: float 2001/11/08 v1.3d Float enhancements (AL)
\c@float@type=\count280
\float@exts=\toks19
\float@box=\box50
\@float@everytoks=\toks20
\@floatcapt=\box51
)
(d:/texlive/2020/texmf-dist/tex/latex/base/ifthen.sty
Package: ifthen 2014/09/29 v1.1c Standard LaTeX ifthen package (DPC)
)
\@float@every@algorithm=\toks21
\c@algorithm=\count281
)
(d:/texlive/2020/texmf-dist/tex/latex/algorithmicx/algorithmicx.sty
Package: algorithmicx 2005/04/27 v1.2 Algorithmicx

Document Style algorithmicx 1.2 - a greatly improved `algorithmic' style
\c@ALG@line=\count282
\c@ALG@rem=\count283
\c@ALG@nested=\count284
\ALG@tlm=\skip57
\ALG@thistlm=\skip58
\c@ALG@Lnr=\count285
\c@ALG@blocknr=\count286
\c@ALG@storecount=\count287
\c@ALG@tmpcounter=\count288
\ALG@tmplength=\skip59
) (d:/texlive/2020/texmf-dist/tex/latex/algorithmicx/algpseudocode.sty
Package: algpseudocode 

Document Style - pseudocode environments for use with the `algorithmicx' style
) (d:/texlive/2020/texmf-dist/tex/latex/amsmath/amsmath.sty
Package: amsmath 2020/01/20 v2.17e AMS math features
\@mathmargin=\skip60

For additional information on amsmath, use the `?' option.
(d:/texlive/2020/texmf-dist/tex/latex/amsmath/amstext.sty
Package: amstext 2000/06/29 v2.01 AMS text

(d:/texlive/2020/texmf-dist/tex/latex/amsmath/amsgen.sty
File: amsgen.sty 1999/11/30 v2.0 generic functions
\@emptytoks=\toks22
\ex@=\dimen156
))
(d:/texlive/2020/texmf-dist/tex/latex/amsmath/amsbsy.sty
Package: amsbsy 1999/11/29 v1.2d Bold Symbols
\pmbraise@=\dimen157
)
(d:/texlive/2020/texmf-dist/tex/latex/amsmath/amsopn.sty
Package: amsopn 2016/03/08 v2.02 operator names
)
\inf@bad=\count289
LaTeX Info: Redefining \frac on input line 227.
\uproot@=\count290
\leftroot@=\count291
LaTeX Info: Redefining \overline on input line 389.
\classnum@=\count292
\DOTSCASE@=\count293
LaTeX Info: Redefining \ldots on input line 486.
LaTeX Info: Redefining \dots on input line 489.
LaTeX Info: Redefining \cdots on input line 610.
\Mathstrutbox@=\box52
\strutbox@=\box53
\big@size=\dimen158
LaTeX Font Info:    Redeclaring font encoding OML on input line 733.
LaTeX Font Info:    Redeclaring font encoding OMS on input line 734.
\macc@depth=\count294
\c@MaxMatrixCols=\count295
\dotsspace@=\muskip17
\c@parentequation=\count296
\dspbrk@lvl=\count297
\tag@help=\toks23
\row@=\count298
\column@=\count299
\maxfields@=\count300
\andhelp@=\toks24
\eqnshift@=\dimen159
\alignsep@=\dimen160
\tagshift@=\dimen161
\tagwidth@=\dimen162
\totwidth@=\dimen163
\lineht@=\dimen164
\@envbody=\toks25
\multlinegap=\skip61
\multlinetaggap=\skip62
\mathdisplay@stack=\toks26
LaTeX Info: Redefining \[ on input line 2859.
LaTeX Info: Redefining \] on input line 2860.
)
(d:/texlive/2020/texmf-dist/tex/latex/cjk/texinput/UTF8/UTF8.bdg
File: UTF8.bdg 2015/04/18 4.8.4
)
(d:/texlive/2020/texmf-dist/tex/latex/cjk/texinput/UTF8/UTF8.enc
File: UTF8.enc 2015/04/18 4.8.4
)
(d:/texlive/2020/texmf-dist/tex/latex/cjk/texinput/UTF8/UTF8.chr
File: UTF8.chr 2015/04/18 4.8.4
) (./report.aux)
\openout1 = `report.aux'.

LaTeX Font Info:    Checking defaults for OML/cmm/m/it on input line 40.
LaTeX Font Info:    ... okay on input line 40.
LaTeX Font Info:    Checking defaults for OMS/cmsy/m/n on input line 40.
LaTeX Font Info:    ... okay on input line 40.
LaTeX Font Info:    Checking defaults for OT1/cmr/m/n on input line 40.
LaTeX Font Info:    ... okay on input line 40.
LaTeX Font Info:    Checking defaults for T1/cmr/m/n on input line 40.
LaTeX Font Info:    ... okay on input line 40.
LaTeX Font Info:    Checking defaults for TS1/cmr/m/n on input line 40.
LaTeX Font Info:    ... okay on input line 40.
LaTeX Font Info:    Checking defaults for OMX/cmex/m/n on input line 40.
LaTeX Font Info:    ... okay on input line 40.
LaTeX Font Info:    Checking defaults for U/cmr/m/n on input line 40.
LaTeX Font Info:    ... okay on input line 40.
LaTeX Font Info:    Checking defaults for PD1/pdf/m/n on input line 40.
LaTeX Font Info:    ... okay on input line 40.
LaTeX Font Info:    Checking defaults for C00/song/m/n on input line 40.
LaTeX Font Info:    ... okay on input line 40.
LaTeX Font Info:    Checking defaults for C05/song/m/n on input line 40.
LaTeX Font Info:    ... okay on input line 40.
LaTeX Font Info:    Checking defaults for C09/song/m/n on input line 40.
LaTeX Font Info:    ... okay on input line 40.
LaTeX Font Info:    Checking defaults for C10/song/m/n on input line 40.
LaTeX Font Info:    ... okay on input line 40.
LaTeX Font Info:    Checking defaults for C20/song/m/n on input line 40.
LaTeX Font Info:    ... okay on input line 40.
LaTeX Font Info:    Checking defaults for C19/song/m/n on input line 40.
LaTeX Font Info:    ... okay on input line 40.
LaTeX Font Info:    Checking defaults for C40/song/m/n on input line 40.
LaTeX Font Info:    ... okay on input line 40.
LaTeX Font Info:    Checking defaults for C42/song/m/n on input line 40.
LaTeX Font Info:    ... okay on input line 40.
LaTeX Font Info:    Checking defaults for C43/song/m/n on input line 40.
LaTeX Font Info:    ... okay on input line 40.
LaTeX Font Info:    Checking defaults for C50/song/m/n on input line 40.
LaTeX Font Info:    ... okay on input line 40.
LaTeX Font Info:    Checking defaults for C52/song/m/n on input line 40.
LaTeX Font Info:    ... okay on input line 40.
LaTeX Font Info:    Checking defaults for C49/song/m/n on input line 40.
LaTeX Font Info:    ... okay on input line 40.
LaTeX Font Info:    Checking defaults for C60/mj/m/n on input line 40.
LaTeX Font Info:    ... okay on input line 40.
LaTeX Font Info:    Checking defaults for C61/mj/m/n on input line 40.
LaTeX Font Info:    ... okay on input line 40.
LaTeX Font Info:    Checking defaults for C63/mj/m/n on input line 40.
LaTeX Font Info:    ... okay on input line 40.
LaTeX Font Info:    Checking defaults for C64/mj/m/n on input line 40.
LaTeX Font Info:    ... okay on input line 40.
LaTeX Font Info:    Checking defaults for C65/mj/m/n on input line 40.
LaTeX Font Info:    ... okay on input line 40.
LaTeX Font Info:    Checking defaults for C70/song/m/n on input line 40.
LaTeX Font Info:    ... okay on input line 40.
LaTeX Font Info:    Checking defaults for C31/song/m/n on input line 40.
LaTeX Font Info:    ... okay on input line 40.
LaTeX Font Info:    Checking defaults for C32/song/m/n on input line 40.
LaTeX Font Info:    ... okay on input line 40.
LaTeX Font Info:    Checking defaults for C33/song/m/n on input line 40.
LaTeX Font Info:    ... okay on input line 40.
LaTeX Font Info:    Checking defaults for C34/song/m/n on input line 40.
LaTeX Font Info:    ... okay on input line 40.
LaTeX Font Info:    Checking defaults for C35/song/m/n on input line 40.
LaTeX Font Info:    ... okay on input line 40.
LaTeX Font Info:    Checking defaults for C36/song/m/n on input line 40.
LaTeX Font Info:    ... okay on input line 40.
LaTeX Font Info:    Checking defaults for C37/song/m/n on input line 40.
LaTeX Font Info:    ... okay on input line 40.
LaTeX Font Info:    Checking defaults for C80/song/m/n on input line 40.
LaTeX Font Info:    ... okay on input line 40.
LaTeX Font Info:    Checking defaults for C81/song/m/n on input line 40.
LaTeX Font Info:    ... okay on input line 40.
LaTeX Font Info:    Checking defaults for C01/song/m/n on input line 40.
LaTeX Font Info:    ... okay on input line 40.
LaTeX Font Info:    Checking defaults for C11/song/m/n on input line 40.
LaTeX Font Info:    ... okay on input line 40.
LaTeX Font Info:    Checking defaults for C21/song/m/n on input line 40.
LaTeX Font Info:    ... okay on input line 40.
LaTeX Font Info:    Checking defaults for C41/song/m/n on input line 40.
LaTeX Font Info:    ... okay on input line 40.
LaTeX Font Info:    Checking defaults for C62/song/m/n on input line 40.
LaTeX Font Info:    ... okay on input line 40.
LaTeX Font Info:    Checking defaults for PU/pdf/m/n on input line 40.
LaTeX Font Info:    ... okay on input line 40.
\AtBeginShipoutBox=\box54
Package hyperref Info: Link coloring ON on input line 40.
 (d:/texlive/2020/texmf-dist/tex/latex/hyperref/nameref.sty
Package: nameref 2019/09/16 v2.46 Cross-referencing by name of section

(d:/texlive/2020/texmf-dist/tex/latex/refcount/refcount.sty
Package: refcount 2019/12/15 v3.6 Data extraction from label references (HO)
)
(d:/texlive/2020/texmf-dist/tex/generic/gettitlestring/gettitlestring.sty
Package: gettitlestring 2019/12/15 v1.6 Cleanup title references (HO)
)
\c@section@level=\count301
)
LaTeX Info: Redefining \ref on input line 40.
LaTeX Info: Redefining \pageref on input line 40.
LaTeX Info: Redefining \nameref on input line 40.

(./report.out) (./report.out)
\@outlinefile=\write3
\openout3 = `report.out'.


(d:/texlive/2020/texmf-dist/tex/context/base/mkii/supp-pdf.mkii
[Loading MPS to PDF converter (version 2006.09.02).]
\scratchcounter=\count302
\scratchdimen=\dimen165
\scratchbox=\box55
\nofMPsegments=\count303
\nofMParguments=\count304
\everyMPshowfont=\toks27
\MPscratchCnt=\count305
\MPscratchDim=\dimen166
\MPnumerator=\count306
\makeMPintoPDFobject=\count307
\everyMPtoPDFconversion=\toks28
) (d:/texlive/2020/texmf-dist/tex/latex/epstopdf-pkg/epstopdf-base.sty
Package: epstopdf-base 2020-01-24 v2.11 Base part for package epstopdf
Package epstopdf-base Info: Redefining graphics rule for `.eps' on input line 4
85.

(d:/texlive/2020/texmf-dist/tex/latex/latexconfig/epstopdf-sys.cfg
File: epstopdf-sys.cfg 2010/07/13 v1.3 Configuration of (r)epstopdf for TeX Liv
e
))
ABD: EveryShipout initializing macros
Package caption Info: Begin \AtBeginDocument code.
Package caption Info: float package is loaded.
Package caption Info: End \AtBeginDocument code.
 ABD: EverySelectfont initializing macros
LaTeX Info: Redefining \selectfont on input line 40.
LaTeX Info: Redefining \microtypecontext on input line 40.
Package microtype Info: Generating PDF output.
Package microtype Info: Character protrusion enabled (level 2).
Package microtype Info: Using default protrusion set `alltext'.
Package microtype Info: Automatic font expansion enabled (level 2),
(microtype)             stretch: 20, shrink: 20, step: 1, non-selected.
Package microtype Info: Using default expansion set `basictext'.
LaTeX Info: Redefining \showhyphens on input line 40.
Package microtype Info: No adjustment of tracking.
Package microtype Info: No adjustment of interword spacing.
Package microtype Info: No adjustment of character kerning.

(d:/texlive/2020/texmf-dist/tex/latex/microtype/mt-ptm.cfg
File: mt-ptm.cfg 2006/04/20 v1.7 microtype config. file: Times (RS)
)
LaTeX Font Info:    Trying to load font information for C70+rm on input line 41
.

(d:/texlive/2020/texmf-dist/tex/latex/ctex/fd/c70rm.fd
File: c70rm.fd 2020/06/06 v2.5.3 Chinese font definition (CTEX)
)
(d:/texlive/2020/texmf-dist/tex/latex/microtype/mt-cmr.cfg
File: mt-cmr.cfg 2013/05/19 v2.2 microtype config. file: Computer Modern Roman 
(RS)
)
Package CJKpunct Info: use punctuation spaces for family 'rm' with punctstyle (
quanjiao) on input line 43.

(d:/texlive/2020/texmf-dist/tex/generic/ctex/zhmap/ctex-zhmap-windows.tex
File: ctex-zhmap-windows.tex 2020/06/06 v2.5.3 Windows font map loader for pdfT
eX and DVIPDFMx (CTEX)
{d:/texlive/2020/texmf-var/fonts/map/pdftex/updmap/pdftex.map}{UGBK.sfd}{Unicod
e.sfd}) [1



]
Underfull \hbox (badness 2277) in paragraph at lines 75--76
[]\C70/rm/m/n/10.95/65 ∞ \C70/rm/m/n/10.95/51 ˙ \C70/rm/m/n/10.95/73 ∞ \C70/rm/
m/n/10.95/76 Ñ \C70/rm/m/n/10.95/7f Q \C70/rm/m/n/10.95/7e ‹ \C70/rm/m/n/10.95/
75 ( \C70/rm/m/n/10.95/8b Õ|\C70/rm/m/n/10.95/ff ^^Z| \C70/rm/m/n/10.95/59 Ç |\
C70/rm/m/n/10.95/20 ^^\|\C70/rm/m/n/10.95/5c L \C70/rm/m/n/10.95/4e ^^]|\C70/rm
/m/n/10.95/20 ^^]||\C70/rm/m/n/10.95/30 ^^A||\C70/rm/m/n/10.95/20 ^^\|\C70/rm/m
/n/10.95/84 ›
 []


Underfull \hbox (badness 10000) in paragraph at lines 75--76
\C70/rm/m/n/10.95/72 Y|\C70/rm/m/n/10.95/20 ^^]||\C70/rm/m/n/10.95/30 ^^A||\C70
/rm/m/n/10.95/20 ^^\|\C70/rm/m/n/10.95/84 › \C70/rm/m/n/10.95/76 & \C70/rm/m/n/
10.95/99 ô \C70/rm/m/n/10.95/83 «|\C70/rm/m/n/10.95/20 ^^]||\C70/rm/m/n/10.95/3
0 ^^A||\C70/rm/m/n/10.95/20 ^^\|\C70/rm/m/n/10.95/62 ? \C70/rm/m/n/10.95/59 –|\
C70/rm/m/n/10.95/20 ^^]||\C70/rm/m/n/10.95/30 ^^A||\C70/rm/m/n/10.95/20 ^^\|\C7
0/rm/m/n/10.95/59 e
 []


Underfull \hbox (badness 1424) in paragraph at lines 77--78
[]\C70/rm/m/n/10.95/78 ^^T \C70/rm/m/n/10.95/7a v \C70/rm/m/n/10.95/98 Ü \C70/r
m/m/n/10.95/57 ﬂ \C70/rm/m/n/10.95/54 ^^M \C70/rm/m/n/10.95/79 |\C70/rm/m/n/10
.95/ff ^^Z| \C70/rm/m/n/10.95/72 y \C70/rm/m/n/10.95/5b ö \C70/rm/m/n/10.95/98 
Ü \C70/rm/m/n/10.95/57 ﬂ \C70/rm/m/n/10.95/54 å \C70/rm/m/n/10.95/65 ∞ \C70/rm/
m/n/10.95/51 ˙ \C70/rm/m/n/10.95/73 ∞ \C70/rm/m/n/10.95/98 Ü
 []


Underfull \hbox (badness 2277) in paragraph at lines 77--78
\C70/rm/m/n/10.95/57 ﬂ \C70/rm/m/n/10.95/76 Ñ \C70/rm/m/n/10.95/4e ^^S \C70/rm/
m/n/10.95/67 	 \C70/rm/m/n/10.95/54 ^^M \C70/rm/m/n/10.95/8b Õ|\C70/rm/m/n/10.9
5/30 ^^B| \C70/rm/m/n/10.95/59 Ç |\C70/rm/m/n/10.95/20 ^^\|\C70/rm/m/n/10.95/82
 œ \C70/rm/m/n/10.95/4e 9 \C70/rm/m/n/10.95/7e ¢|\C70/rm/m/n/10.95/20 ^^]||\C70
/rm/m/n/10.95/30 ^^A||\C70/rm/m/n/10.95/20 ^^\|\C70/rm/m/n/10.95/79 Ω \C70/rm/m
/n/10.95/6d A
 []


Underfull \hbox (badness 3323) in paragraph at lines 79--80
\C70/rm/m/n/10.95/5e -|\C70/rm/m/n/10.95/20 ^^]||\C70/rm/m/n/10.95/30 ^^A||\C70
/rm/m/n/10.95/20 ^^\|\C70/rm/m/n/10.95/4e 	 \C70/rm/m/n/10.95/5c ^^Q \C70/rm/m/
n/10.95/72 7 \C70/rm/m/n/10.95/76 Ñ \C70/rm/m/n/10.95/52 Q|\C70/rm/m/n/10.95/20
 ^^]||\C70/rm/m/n/10.95/30 ^^A||\C70/rm/m/n/10.95/20 ^^\|\OT1/ptm/m/n/10.95 (+2
0) NLP|\C70/rm/m/n/10.95/20 ^^]||\C70/rm/m/n/10.95/30 ^^A||\C70/rm/m/n/10.95/20
 ^^\|\C70/rm/m/n/10.95/5d › \C70/rm/m/n/10.95/59 '|\C70/rm/m/n/10.95/20 ^^]|
 []

[2] [3]
Underfull \vbox (badness 1117) has occurred while \output is active []


Underfull \hbox (badness 1590) in paragraph at lines 179--180
[]\C70/rm/m/n/10.95/62 ^^Q \C70/rm/m/n/10.95/4e Ï \C70/rm/m/n/10.95/4f ^^? \C70
/rm/m/n/10.95/75 ( \C70/rm/m/n/10.95/51 ∆ \C70/rm/m/n/10.95/78 n \C70/rm/m/n/10
.95/73 á |\C70/rm/m/n/10.95/ff ^^H|\OT1/ptm/m/n/10.95 (+20) Precision|\C70/rm/m
/n/10.95/ff 	||\C70/rm/m/n/10.95/30 ^^A| \C70/rm/m/n/10.95/53 Ï \C70/rm/m/n/10.
95/56 ﬁ \C70/rm/m/n/10.95/73 á
 []

[4]
<figures/num_word.jpg, id=267, 151.767pt x 96.36pt>
File: figures/num_word.jpg Graphic file (type jpg)
<use figures/num_word.jpg>
Package pdftex.def Info: figures/num_word.jpg  used on input line 200.
(pdftex.def)             Requested size: 142.26378pt x 90.32549pt.
 [5 <./figures/num_word.jpg>]
<figures/trie.png, id=295, 484.209pt x 442.0515pt>
File: figures/trie.png Graphic file (type png)
<use figures/trie.png>
Package pdftex.def Info: figures/trie.png  used on input line 271.
(pdftex.def)             Requested size: 213.39566pt x 194.81354pt.

Underfull \hbox (badness 1990) in paragraph at lines 268--274
 []\C70/rm/b/n/10.95/4e ; \C70/rm/b/n/10.95/4f S \C70/rm/b/n/10.95/65 p \C70/rm
/b/n/10.95/63 n \C70/rm/b/n/10.95/7e ” \C70/rm/b/n/10.95/67 Ñ \C70/rm/b/n/10.95
/4f ^^? \C70/rm/b/n/10.95/75 (\OT1/ptm/b/n/10.95 Trie\C70/rm/b/n/10.95/68 ^^Q|\
C70/rm/b/n/10.95/ff ^^Z|  \OT1/ptm/b/n/10.95 Trie\C70/rm/b/n/10.95/68 ^^Q \OT1/
ptm/m/n/10.95 (+20) ([][]Thue[][],
 []

[6 <./figures/trie.png>]
<figures/hash.png, id=311, 442.0515pt x 319.79475pt>
File: figures/hash.png Graphic file (type png)
<use figures/hash.png>
Package pdftex.def Info: figures/hash.png  used on input line 281.
(pdftex.def)             Requested size: 213.39566pt x 154.37807pt.

Underfull \hbox (badness 3930) in paragraph at lines 288--290
\C70/rm/m/n/10.95/7e œ \C70/rm/m/n/10.95/6d K \C70/rm/m/n/10.95/7b ó|\C70/rm/m/
n/10.95/ff ^^L| \C70/rm/m/n/10.95/62 @ \C70/rm/m/n/10.95/67 	 \C70/rm/m/n/10.95
/54 » \C70/rm/m/n/10.95/5e ^^L \C70/rm/m/n/10.95/88 h \C70/rm/m/n/10.95/76 Ñ \C
70/rm/m/n/10.95/51 ≤ \C70/rm/m/n/10.95/7a Å \C70/rm/m/n/10.95/73 á \C70/rm/m/n/
10.95/90 ˝ \C70/rm/m/n/10.95/80 ˝ \C70/rm/m/n/10.95/63 ß \C70/rm/m/n/10.95/52 6

 []


Underfull \hbox (badness 1168) in paragraph at lines 303--304
 []\C70/rm/b/n/10.95/90 ^^_ \C70/rm/b/n/10.95/5e ¶ \C70/rm/b/n/10.95/8f € \C70/
rm/b/n/10.95/4e ^^@ \C70/rm/b/n/10.95/6b e \C70/rm/b/n/10.95/4f ^^X \C70/rm/b/n
/10.95/53 ^^V \C70/rm/b/n/10.95/76 Ñ \C70/rm/b/n/10.95/51 s \C70/rm/b/n/10.95/9
5 .|\C70/rm/b/n/10.95/ff ^^Z|  \C70/rm/m/n/10.95/57 ( \C70/rm/m/n/10.95/4e 
 \C70/rm/m/n/10.95/97 b \C70/rm/m/n/10.95/76 Ñ \C70/rm/m/n/10.95/5b û \C70/rm/m
/n/10.95/73 ∞
 []


Underfull \hbox (badness 4217) in paragraph at lines 309--310
[]\C70/rm/m/n/10.95/76 Ó \C70/rm/m/n/10.95/5f U \C70/rm/m/n/10.95/4e - \C70/rm/
m/n/10.95/5b X \C70/rm/m/n/10.95/57 (\OT1/ptm/m/n/10.95 (+20) Code\C70/rm/m/n/1
0.95/54 å\OT1/ptm/m/n/10.95 (+20) io[]files\C70/rm/m/n/10.95/4e $ * \C70/rm/m/n
/10.95/65 á \C70/rm/m/n/10.95/4e ˆ \C70/rm/m/n/10.95/59 9|\C70/rm/m/n/10.95/ff 
^^L|
 []

LaTeX Font Info:    Trying to load font information for TS1+ptm on input line 3
13.
(d:/texlive/2020/texmf-dist/tex/latex/psnfss/ts1ptm.fd
File: ts1ptm.fd 2001/06/04 font definitions for TS1/ptm.
) [7 <./figures/hash.png>]
Underfull \hbox (badness 10000) in paragraph at lines 324--325
[]\OT1/ptm/m/n/10.95 (+20) better[]seg[]FMM.txt \C70/rm/m/n/10.95/4e : \C70/rm/
m/n/10.95/6d K \C70/rm/m/n/10.95/8b ’ \C70/rm/m/n/10.95/96 ∆ \C70/rm/m/n/10.95/
52 ^^F \C70/rm/m/n/10.95/8b Õ \C70/rm/m/n/10.95/7e ”
 []


Underfull \hbox (badness 5908) in paragraph at lines 324--325
\C70/rm/m/n/10.95/67 ú|\C70/rm/m/n/10.95/ff ^^L| \C70/rm/m/n/10.95/4f ^^? \C70/
rm/m/n/10.95/75 ( \C70/rm/m/n/10.95/4f ^^X \C70/rm/m/n/10.95/53 ^^V \C70/rm/m/n
/10.95/54 ^^N \C70/rm/m/n/10.95/76 Ñ \C70/rm/m/n/10.95/6b c \C70/rm/m/n/10.95/5
4 ^^Q \C70/rm/m/n/10.95/67 ^^@ \C70/rm/m/n/10.95/59 ' \C70/rm/m/n/10.95/53 9 \C
70/rm/m/n/10.95/91 M \C70/rm/m/n/10.95/52 ^^F
 []


Underfull \hbox (badness 10000) in paragraph at lines 324--325
\C70/rm/m/n/10.95/8b Õ|\C70/rm/m/n/10.95/ff ^^L| \C70/rm/m/n/10.95/4f ^^? \C70/
rm/m/n/10.95/75 (\OT1/ptm/m/n/10.95 (+20) train.txt\C70/rm/m/n/10.95/65 á \C70/
rm/m/n/10.95/4e ˆ \C70/rm/m/n/10.95/4f \ \C70/rm/m/n/10.95/4e : \C70/rm/m/n/10.
95/8b ≠ \C70/rm/m/n/10.95/7e √ \C70/rm/m/n/10.95/96 ∆|\C70/rm/m/n/10.95/ff ^^L|

 []


Underfull \hbox (badness 10000) in paragraph at lines 325--326
[]\OT1/ptm/m/n/10.95 (+20) better[]seg[]BMM.txt \C70/rm/m/n/10.95/4e : \C70/rm/
m/n/10.95/6d K \C70/rm/m/n/10.95/8b ’ \C70/rm/m/n/10.95/96 ∆ \C70/rm/m/n/10.95/
52 ^^F \C70/rm/m/n/10.95/8b Õ \C70/rm/m/n/10.95/7e ”
 []


Underfull \hbox (badness 5908) in paragraph at lines 325--326
\C70/rm/m/n/10.95/67 ú|\C70/rm/m/n/10.95/ff ^^L| \C70/rm/m/n/10.95/4f ^^? \C70/
rm/m/n/10.95/75 ( \C70/rm/m/n/10.95/4f ^^X \C70/rm/m/n/10.95/53 ^^V \C70/rm/m/n
/10.95/54 ^^N \C70/rm/m/n/10.95/76 Ñ \C70/rm/m/n/10.95/53 Õ \C70/rm/m/n/10.95/5
4 ^^Q \C70/rm/m/n/10.95/67 ^^@ \C70/rm/m/n/10.95/59 ' \C70/rm/m/n/10.95/53 9 \C
70/rm/m/n/10.95/91 M \C70/rm/m/n/10.95/52 ^^F
 []


Underfull \hbox (badness 10000) in paragraph at lines 325--326
\C70/rm/m/n/10.95/8b Õ|\C70/rm/m/n/10.95/ff ^^L| \C70/rm/m/n/10.95/4f ^^? \C70/
rm/m/n/10.95/75 (\OT1/ptm/m/n/10.95 (+20) train.txt\C70/rm/m/n/10.95/65 á \C70/
rm/m/n/10.95/4e ˆ \C70/rm/m/n/10.95/4f \ \C70/rm/m/n/10.95/4e : \C70/rm/m/n/10.
95/8b ≠ \C70/rm/m/n/10.95/7e √ \C70/rm/m/n/10.95/96 ∆|\C70/rm/m/n/10.95/ff ^^L|

 []


Underfull \hbox (badness 10000) in paragraph at lines 338--339
[]\C70/rm/m/n/10.95/8b ≠ \C70/rm/m/n/10.95/7e √ \C70/rm/m/n/10.95/96 ∆|\C70/rm/
m/n/10.95/30 ^^A| \C70/rm/m/n/10.95/6d K \C70/rm/m/n/10.95/8b ’ \C70/rm/m/n/10.
95/96 ∆ \C70/rm/m/n/10.95/54 å \C70/rm/m/n/10.95/68 ^^G \C70/rm/m/n/10.95/51 ∆ 
\C70/rm/m/n/10.95/7b T \C70/rm/m/n/10.95/68 H \C70/rm/m/n/10.95/67 e \C70/rm/m/
n/10.95/6e ê
 []

[8]
Underfull \hbox (badness 1365) in paragraph at lines 385--386
[]\C70/rm/m/n/10.95/8b Â \C70/rm/m/n/10.95/90 Ë \C70/rm/m/n/10.95/52 ^^F \C70/r
m/m/n/10.95/4e „ \C70/rm/m/n/10.95/78 ^^A \C70/rm/m/n/10.95/5b û \C70/rm/m/n/10
.95/73 ∞ \C70/rm/m/n/10.95/5b ˘ \C70/rm/m/n/10.95/51 h \C70/rm/m/n/10.95/65 á \
C70/rm/m/n/10.95/76 Ñ \C70/rm/m/n/10.95/52 ^^F \C70/rm/m/n/10.95/8b Õ \C70/rm/m
/n/10.95/7e ” \C70/rm/m/n/10.95/67 ú \C70/rm/m/n/10.95/76 Ñ
 []


Underfull \hbox (badness 1152) in paragraph at lines 385--386
\C70/rm/m/n/10.95/8b ƒ \C70/rm/m/n/10.95/6d K|\C70/rm/m/n/10.95/ff ^^L| \C70/rm
/m/n/10.95/51 h \C70/rm/m/n/10.95/65 á \C70/rm/m/n/10.95/52 ^^F \C70/rm/m/n/10.
95/8b Õ \C70/rm/m/n/10.95/7e ” \C70/rm/m/n/10.95/67 ú \C70/rm/m/n/10.95/4f › \C
70/rm/m/n/10.95/5b X \C70/rm/m/n/10.95/57 (\OT1/ptm/m/n/10.95 (+20) seg[]FMM.tx
t|\C70/rm/m/n/10.95/ff ^^L| 
 []


Underfull \hbox (badness 6893) in paragraph at lines 385--386
\OT1/ptm/m/n/10.95 (+20) seg[]BMM.txt\C70/rm/m/n/10.95/65 á \C70/rm/m/n/10.95/4
e ˆ -|\C70/rm/m/n/10.95/ff ^^L| \C70/rm/m/n/10.95/5c ^^F \C70/rm/m/n/10.95/51 v
 \C70/rm/m/n/10.95/4e ^^N \C70/rm/m/n/10.95/68 ^^G \C70/rm/m/n/10.95/51 ∆ \C70/
rm/m/n/10.95/52 ^^F \C70/rm/m/n/10.95/8b Õ \C70/rm/m/n/10.95/7e ”
 []

[9]
Underfull \hbox (badness 1424) in paragraph at lines 408--409
[]\C70/rm/m/n/10.95/4f ^^? \C70/rm/m/n/10.95/75 ( \C70/rm/m/n/10.95/54 » \C70/r
m/m/n/10.95/5e ^^L \C70/rm/m/n/10.95/50 < \C70/rm/m/n/10.95/67 Â \C70/rm/m/n/10
.95/62 ~ \C70/rm/m/n/10.95/67 – \C70/rm/m/n/10.95/5b W \C70/rm/m/n/10.95/7b & \
C70/rm/m/n/10.95/5b ˘ \C70/rm/m/n/10.95/5e î \C70/rm/m/n/10.95/4f M \C70/rm/m/n
/10.95/7f n|\C70/rm/m/n/10.95/ff ^^L| \C70/rm/m/n/10.95/4f ^^?
 []


Underfull \hbox (badness 2556) in paragraph at lines 412--413
[]\OT1/ptm/m/n/10.95 (+20) insert[]word()\C70/rm/m/n/10.95/51 ˝ \C70/rm/m/n/10.
95/65 p \C70/rm/m/n/10.95/4e : \C70/rm/m/n/10.95/68 ^^Q \C70/rm/m/n/10.95/6d ˚ 
\C70/rm/m/n/10.95/52 † \C70/rm/m/n/10.95/5b W \C70/rm/m/n/10.95/7b & \C70/rm/m/
n/10.95/4e 2|\C70/rm/m/n/10.95/ff ^^L| \C70/rm/m/n/10.95/53 s
 []


Underfull \hbox (badness 4467) in paragraph at lines 412--413
\C70/rm/m/n/10.95/5c ^^F \C70/rm/m/n/10.95/8b Õ \C70/rm/m/n/10.95/51 x \C70/rm/
m/n/10.95/4e - \C70/rm/m/n/10.95/76 Ñ \C70/rm/m/n/10.95/54 ^^D \C70/rm/m/n/10.9
5/4e * \C70/rm/m/n/10.95/8b Õ \C70/rm/m/n/10.95/52 † \C70/rm/m/n/10.95/51 e\OT1
/ptm/m/n/10.95 (+20) Trie\C70/rm/m/n/10.95/68 ^^Q|\C70/rm/m/n/10.95/30 ^^B| \C7
0/rm/m/n/10.95/5b ˘ \C70/rm/m/n/10.95/97 ^^@
 []


Underfull \hbox (badness 5908) in paragraph at lines 412--413
\C70/rm/m/n/10.95/52 † \C70/rm/m/n/10.95/51 e \C70/rm/m/n/10.95/8b Õ \C70/rm/m/
n/10.95/76 Ñ \C70/rm/m/n/10.95/6b œ \C70/rm/m/n/10.95/4e ^^@ * \C70/rm/m/n/10.9
5/5b W \C70/rm/m/n/10.95/7b & \C70/rm/m/n/10.95/8f € \C70/rm/m/n/10.95/88 L \C7
0/rm/m/n/10.95/90 M \C70/rm/m/n/10.95/53 Ü|\C70/rm/m/n/10.95/ff ^^L| \C70/rm/m/
n/10.95/4f ^^?
 []


Underfull \hbox (badness 10000) in paragraph at lines 413--414
[]\OT1/ptm/m/n/10.95 (+20) search[]word()\C70/rm/m/n/10.95/51 ˝ \C70/rm/m/n/10.
95/65 p \C70/rm/m/n/10.95/67 Â \C70/rm/m/n/10.95/62 ~ \C70/rm/m/n/10.95/68 ^^Q 
\C70/rm/m/n/10.95/4e - \C70/rm/m/n/10.95/5b W \C70/rm/m/n/10.95/7b & \C70/rm/m/
n/10.95/4e 2|\C70/rm/m/n/10.95/30 ^^B|
 []


Underfull \hbox (badness 10000) in paragraph at lines 413--414
\C70/rm/m/n/10.95/5b ˘ \C70/rm/m/n/10.95/97 ^^@ \C70/rm/m/n/10.95/67 Â \C70/rm/
m/n/10.95/62 ~ \C70/rm/m/n/10.95/76 Ñ \C70/rm/m/n/10.95/5b W \C70/rm/m/n/10.95/
7b & \C70/rm/m/n/10.95/4e 2 \C70/rm/m/n/10.95/8f € \C70/rm/m/n/10.95/88 L \C70/
rm/m/n/10.95/90 M \C70/rm/m/n/10.95/53 Ü|\C70/rm/m/n/10.95/ff ^^L| \C70/rm/m/n/
10.95/4f ^^?
 []


Underfull \hbox (badness 10000) in paragraph at lines 413--414
\C70/rm/m/n/10.95/75 (\OT1/ptm/m/n/10.95 (+20) get[]child[]by[]char()\C70/rm/m/
n/10.95/51 ˝ \C70/rm/m/n/10.95/65 p \C70/rm/m/n/10.95/83 ∑ \C70/rm/m/n/10.95/53
 ÷ \C70/rm/m/n/10.95/5b W \C70/rm/m/n/10.95/7b & \C70/rm/m/n/10.95/76 Ñ
 []

[10]
<figures/bigram.png, id=368, 265.59225pt x 277.035pt>
File: figures/bigram.png Graphic file (type png)
<use figures/bigram.png>
Package pdftex.def Info: figures/bigram.png  used on input line 489.
(pdftex.def)             Requested size: 213.39566pt x 222.60056pt.
LaTeX Font Info:    Trying to load font information for OT1+pcr on input line 4
96.
 (d:/texlive/2020/texmf-dist/tex/latex/psnfss/ot1pcr.fd
File: ot1pcr.fd 2001/06/04 font definitions for OT1/pcr.
)
Package microtype Info: Loading generic protrusion settings for font family
(microtype)             `pcr' (encoding: OT1).
(microtype)             For optimal results, create family-specific settings.
(microtype)             See the microtype manual for details.
LaTeX Font Info:    Trying to load font information for C70+zhfs on input line 
496.

(d:/texlive/2020/texmf-dist/tex/latex/zhmetrics/c70zhfs.fd
File: c70zhfs.fd 2009/09/23 4.8.2
)
Package CJKpunct Info: use punctuation spaces for family 'zhfs' with punctstyle
 (quanjiao) on input line 496.

Underfull \hbox (badness 10000) in paragraph at lines 496--497

 []


Underfull \hbox (badness 10000) in paragraph at lines 500--504

 []

[11 <./figures/bigram.png>]
Underfull \hbox (badness 1412) in paragraph at lines 521--522
\C70/rm/m/n/10.95/53 Ê \C70/rm/m/n/10.95/59 ^^V|\C70/rm/m/n/10.95/ff ^^L| \C70/
rm/m/n/10.95/65 p \C70/rm/m/n/10.95/5b W \C70/rm/m/n/10.95/4e K \C70/rm/m/n/10.
95/95 Ù \C70/rm/m/n/10.95/53 Ô \C70/rm/m/n/10.95/80 ˝ \C70/rm/m/n/10.95/59 9 \C
70/rm/m/n/10.95/67 B \C70/rm/m/n/10.95/8b ¯ \C70/rm/m/n/10.95/59 Ç |\C70/rm/m/n
/10.95/20 ^^\|\C70/rm/m/n/10.95/70 π|\C70/rm/m/n/10.95/20 ^^]||\C70/rm/m/n/10.9
5/30 ^^A||\C70/rm/m/n/10.95/20 ^^\|\C70/rm/m/n/10.95/52 ^^F
 []


Underfull \hbox (badness 4096) in paragraph at lines 521--522
\C70/rm/m/n/10.95/4e K|\C70/rm/m/n/10.95/20 ^^]| \C70/rm/m/n/10.95/7b I \C70/rm
/m/n/10.95/5b W \C70/rm/m/n/10.95/77 <|\C70/rm/m/n/10.95/ff ^^L| \C70/rm/m/n/10
.95/4e ^^@ 2 \C70/rm/m/n/10.95/65 p \C70/rm/m/n/10.95/5b W \C70/rm/m/n/10.95/76
 Ñ \C70/rm/m/n/10.95/67 + \C70/rm/m/n/10.95/5c > \C70/rm/m/n/10.95/53 Ô \C70/rm
/m/n/10.95/80 ˝ \C70/rm/m/n/10.95/51 ˙ \C70/rm/m/n/10.95/73 ∞
 []


Underfull \hbox (badness 10000) in paragraph at lines 521--522
|\C70/rm/m/n/10.95/20 ^^\|\C70/rm/m/n/10.95/5e t|\C70/rm/m/n/10.95/20 ^^]||\C70
/rm/m/n/10.95/30 ^^A||\C70/rm/m/n/10.95/20 ^^\|\C70/rm/m/n/10.95/67 ^^H|\C70/rm
/m/n/10.95/20 ^^]||\C70/rm/m/n/10.95/30 ^^A||\C70/rm/m/n/10.95/20 ^^\|\C70/rm/m
/n/10.95/65 Â|\C70/rm/m/n/10.95/20 ^^]||\C70/rm/m/n/10.95/30 ^^A||\C70/rm/m/n/1
0.95/20 ^^\|\C70/rm/m/n/10.95/76 ~|\C70/rm/m/n/10.95/20 ^^]||\C70/rm/m/n/10.95/
30 ^^A||\C70/rm/m/n/10.95/20 ^^\|\C70/rm/m/n/10.95/53 C|\C70/rm/m/n/10.95/20 ^^
]||\C70/rm/m/n/10.95/30 ^^A||\C70/rm/m/n/10.95/20 ^^\|\C70/rm/m/n/10.95/4e ^^G|
\C70/rm/m/n/10.95/20 ^^]| \C70/rm/m/n/10.95/7b I
 []


Underfull \hbox (badness 10000) in paragraph at lines 537--538
 []\C70/rm/b/n/10.95/8b ≠ \C70/rm/b/n/10.95/7e √ \C70/rm/b/n/10.95/96 ∆|\C70/rm
/b/n/10.95/30 ^^A| \C70/rm/b/n/10.95/6d K \C70/rm/b/n/10.95/8b ’ \C70/rm/b/n/10
.95/96 ∆ \C70/rm/b/n/10.95/52 ^^R ^^F \C70/rm/b/n/10.95/89 ƒ \C70/rm/b/n/10.95/
52 ^^Y|\C70/rm/b/n/10.95/ff ^^Z|  \C70/rm/m/n/10.95/57 ( \C70/rm/m/n/10.95/5d Ú
 \C70/rm/m/n/10.95/7e œ
 []


Underfull \hbox (badness 10000) in paragraph at lines 537--538
\C70/rm/m/n/10.95/8f € \C70/rm/m/n/10.95/88 L \C70/rm/m/n/10.95/8f « \C70/rm/m/
n/10.95/52 ^^F \C70/rm/m/n/10.95/8b Õ \C70/rm/m/n/10.95/54 å \C70/rm/m/n/10.95/
8b Õ \C70/rm/m/n/10.95/60 ' \C70/rm/m/n/10.95/68 ^^G \C70/rm/m/n/10.95/6c Ë \C7
0/rm/m/n/10.95/76 Ñ \C70/rm/m/n/10.95/8b Ì \C70/rm/m/n/10.95/65 ô \C70/rm/m/n/1
0.95/5e ì \C70/rm/m/n/10.95/65 á
 []


Underfull \hbox (badness 10000) in paragraph at lines 537--538
\C70/rm/m/n/10.95/67 ,\OT1/ptm/m/n/10.95 (+20) 199801[]seg&pos.txt\C70/rm/m/n/1
0.95/4e - \C70/rm/m/n/10.95/53 ÷ \C70/rm/m/n/10.95/88 L \C70/rm/m/n/10.95/65 p 
\C70/rm/m/n/10.95/4e ^^M \C70/rm/m/n/10.95/80 ˝ \C70/rm/m/n/10.95/88 ´\OT1/ptm/
m/n/10.95 (+20) 10\C70/rm/m/n/10.95/65 t
 []


Underfull \hbox (badness 2384) in paragraph at lines 537--538
\C70/rm/m/n/10.95/52 ^^F \C70/rm/m/n/10.95/8b Õ \C70/rm/m/n/10.95/59 ^^D \C70/r
m/m/n/10.95/74 ^^F \C70/rm/m/n/10.95/76 Ñ \C70/rm/m/n/10.95/65 á \C70/rm/m/n/10
.95/67 ,\OT1/ptm/m/n/10.95 (+20) 199801[]sent.txt\C70/rm/m/n/10.95/4e - \C70/rm
/m/n/10.95/53 ÷ \C70/rm/m/n/10.95/88 L \C70/rm/m/n/10.95/65 p \C70/rm/m/n/10.95
/80 ˝
 []

[12]
Underfull \hbox (badness 10000) in paragraph at lines 593--594

 []


LaTeX Warning: `h' float specifier changed to `ht'.


LaTeX Warning: `h' float specifier changed to `ht'.


Underfull \hbox (badness 10000) in paragraph at lines 627--628

 []

[13]
Underfull \hbox (badness 2035) in paragraph at lines 699--700
[]\C70/rm/m/n/10.95/6b c \C70/rm/m/n/10.95/53 Õ \C70/rm/m/n/10.95/54 ^^Q \C70/r
m/m/n/10.95/67 ^^@ \C70/rm/m/n/10.95/59 ' \C70/rm/m/n/10.95/53 9 \C70/rm/m/n/10
.95/91 M \C70/rm/m/n/10.95/52 ^^F \C70/rm/m/n/10.95/8b Õ \C70/rm/m/n/10.95/7e ”
 \C70/rm/m/n/10.95/67 ú \C70/rm/m/n/10.95/59 Ç \C70/rm/m/n/10.95/88 h[][]\OT1/p
tm/m/n/10.95 (+20) 5[][]\C70/rm/m/n/10.95/62 @ \C70/rm/m/n/10.95/79 :|\C70/rm/m
/n/10.95/30 ^^B|
 []

[14]
Underfull \hbox (badness 10000) in paragraph at lines 707--708
[]\C70/rm/m/n/10.95/53 Ô \C70/rm/m/n/10.95/4e Â \C70/rm/m/n/10.95/77  \C70/rm/
m/n/10.95/52 0 \C70/rm/m/n/10.95/65 ˆ \C70/rm/m/n/10.95/95 Ù \C70/rm/m/n/10.95/
5f ó \C70/rm/m/n/10.95/52 0 \C70/rm/m/n/10.95/4e Ü \C70/rm/m/n/10.95/67 Å \C70/
rm/m/n/10.95/59 ' \C70/rm/m/n/10.95/76 Ñ \C70/rm/m/n/10.95/4f ^^X \C70/rm/m/n/1
0.95/53 ^^V|\C70/rm/m/n/10.95/ff ^^L|
 []

(./report.bbl
Underfull \hbox (badness 1342) in paragraph at lines 17--20
\OT1/ptm/m/n/10 sub-model.  \OT1/ptm/m/it/10 Bioin-for-mat-ics\OT1/ptm/m/n/10 ,
 19(suppl[]2):ii215--
 []

[15])
Package atveryend Info: Empty hook `BeforeClearDocument' on input line 724.
 [16

]
Package atveryend Info: Empty hook `AfterLastShipout' on input line 724.
 (./report.aux)
Package atveryend Info: Executing hook `AtVeryEndDocument' on input line 724.
Package atveryend Info: Executing hook `AtEndAfterFileList' on input line 724.
Package rerunfilecheck Info: File `report.out' has not changed.
(rerunfilecheck)             Checksum: D41D8CD98F00B204E9800998ECF8427E;0.
Package atveryend Info: Empty hook `AtVeryVeryEnd' on input line 724.
 )
(\end occurred when \iffalse on line 352 was incomplete) 
Here is how much of TeX's memory you used:
 20593 strings out of 482801
 327295 string characters out of 5955462
 583213 words of memory out of 5000000
 34899 multiletter control sequences out of 15000+600000
 640297 words of font info for 403 fonts, out of 8000000 for 9000
 36 hyphenation exceptions out of 8191
 51i,11n,53p,950b,482s stack positions out of 5000i,500n,10000p,200000b,80000s
{d:/texlive/2020/texmf-
dist/fonts/enc/dvips/base/8r.enc}<c:/Windows/Fonts/simfang.ttf><c:/Windows/Font
s/simfang.ttf><c:/Windows/Fonts/simfang.ttf><c:/Windows/Fonts/simfang.ttf><c:/W
indows/Fonts/simhei.ttf><c:/Windows/Fonts/simfang.ttf><c:/Windows/Fonts/simfang
.ttf><c:/Windows/Fonts/simfang.ttf><c:/Windows/Fonts/simfang.ttf><c:/Windows/Fo
nts/simfang.ttf><c:/Windows/Fonts/simfang.ttf><c:/Windows/Fonts/simhei.ttf><c:/
Windows/Fonts/simhei.ttf><c:/Windows/Fonts/simfang.ttf><c:/Windows/Fonts/simfan
g.ttf><c:/Windows/Fonts/simfang.ttf><c:/Windows/Fonts/simfang.ttf><c:/Windows/F
onts/simfang.ttf><c:/Windows/Fonts/simfang.ttf><c:/Windows/Fonts/simfang.ttf><c
:/Windows/Fonts/simfang.ttf><c:/Windows/Fonts/simfang.ttf><c:/Windows/Fonts/sim
fang.ttf><c:/Windows/Fonts/simfang.ttf><c:/Windows/Fonts/simfang.ttf><c:/Window
s/Fonts/simfang.ttf><c:/Windows/Fonts/simfang.ttf><c:/Windows/Fonts/simfang.ttf
><c:/Windows/Fonts/simhei.ttf><c:/Windows/Fonts/simhei.ttf><c:/Windows/Fonts/si
mhei.ttf><c:/Windows/Fonts/simhei.ttf><c:/Windows/Fonts/simhei.ttf><c:/Windows/
Fonts/simhei.ttf><c:/Windows/Fonts/simhei.ttf><c:/Windows/Fonts/simhei.ttf><c:/
Windows/Fonts/simhei.ttf><c:/Windows/Fonts/simhei.ttf><c:/Windows/Fonts/simhei.
ttf><c:/Windows/Fonts/simhei.ttf><c:/Windows/Fonts/simhei.ttf><c:/Windows/Fonts
/simhei.ttf><c:/Windows/Fonts/simhei.ttf><c:/Windows/Fonts/simhei.ttf><c:/Windo
ws/Fonts/simsun.ttc><c:/Windows/Fonts/simhei.ttf><c:/Windows/Fonts/simhei.ttf><
c:/Windows/Fonts/simhei.ttf><c:/Windows/Fonts/simsun.ttc><c:/Windows/Fonts/sims
un.ttc><c:/Windows/Fonts/simsun.ttc><c:/Windows/Fonts/simsun.ttc><c:/Windows/Fo
nts/simsun.ttc><c:/Windows/Fonts/simhei.ttf><c:/Windows/Fonts/simhei.ttf><c:/Wi
ndows/Fonts/simhei.ttf><c:/Windows/Fonts/simhei.ttf><c:/Windows/Fonts/simhei.tt
f><c:/Windows/Fonts/simhei.ttf><c:/Windows/Fonts/simhei.ttf><c:/Windows/Fonts/s
imsun.ttc><c:/Windows/Fonts/simsun.ttc><c:/Windows/Fonts/simsun.ttc><c:/Windows
/Fonts/simsun.ttc><c:/Windows/Fonts/simhei.ttf><c:/Windows/Fonts/simsun.ttc><c:
/Windows/Fonts/simsun.ttc><c:/Windows/Fonts/simsun.ttc><c:/Windows/Fonts/simhei
.ttf><c:/Windows/Fonts/simsun.ttc><c:/Windows/Fonts/simsun.ttc><c:/Windows/Font
s/simsun.ttc><c:/Windows/Fonts/simsun.ttc><c:/Windows/Fonts/simsun.ttc><c:/Wind
ows/Fonts/simsun.ttc><c:/Windows/Fonts/simhei.ttf><c:/Windows/Fonts/simhei.ttf>
<c:/Windows/Fonts/simsun.ttc><c:/Windows/Fonts/simsun.ttc><c:/Windows/Fonts/sim
sun.ttc><c:/Windows/Fonts/simsun.ttc><c:/Windows/Fonts/simsun.ttc><c:/Windows/F
onts/simsun.ttc><c:/Windows/Fonts/simsun.ttc><c:/Windows/Fonts/simsun.ttc><c:/W
indows/Fonts/simsun.ttc><c:/Windows/Fonts/simsun.ttc><c:/Windows/Fonts/simsun.t
tc><c:/Windows/Fonts/simsun.ttc><c:/Windows/Fonts/simsun.ttc><c:/Windows/Fonts/
simsun.ttc><c:/Windows/Fonts/simsun.ttc><c:/Windows/Fonts/simsun.ttc><c:/Window
s/Fonts/simsun.ttc><c:/Windows/Fonts/simsun.ttc><c:/Windows/Fonts/simsun.ttc><c
:/Windows/Fonts/simsun.ttc><c:/Windows/Fonts/simsun.ttc><c:/Windows/Fonts/simsu
n.ttc><c:/Windows/Fonts/simsun.ttc><c:/Windows/Fonts/simsun.ttc><c:/Windows/Fon
ts/simsun.ttc><c:/Windows/Fonts/simsun.ttc><c:/Windows/Fonts/simsun.ttc><c:/Win
dows/Fonts/simsun.ttc><c:/Windows/Fonts/simsun.ttc><c:/Windows/Fonts/simsun.ttc
><c:/Windows/Fonts/simsun.ttc><c:/Windows/Fonts/simsun.ttc><c:/Windows/Fonts/si
msun.ttc><c:/Windows/Fonts/simsun.ttc><c:/Windows/Fonts/simsun.ttc><c:/Windows/
Fonts/simsun.ttc><c:/Windows/Fonts/simsun.ttc><c:/Windows/Fonts/simsun.ttc><c:/
Windows/Fonts/simsun.ttc><c:/Windows/Fonts/simsun.ttc><c:/Windows/Fonts/simsun.
ttc><c:/Windows/Fonts/simsun.ttc><c:/Windows/Fonts/simsun.ttc><c:/Windows/Fonts
/simsun.ttc><c:/Windows/Fonts/simsun.ttc><c:/Windows/Fonts/simsun.ttc><c:/Windo
ws/Fonts/simsun.ttc><c:/Windows/Fonts/simsun.ttc><c:/Windows/Fonts/simsun.ttc><
c:/Windows/Fonts/simsun.ttc><c:/Windows/Fonts/simsun.ttc><c:/Windows/Fonts/sims
un.ttc><c:/Windows/Fonts/simsun.ttc><c:/Windows/Fonts/simsun.ttc><c:/Windows/Fo
nts/simsun.ttc><c:/Windows/Fonts/simsun.ttc><c:/Windows/Fonts/simsun.ttc><c:/Wi
ndows/Fonts/simhei.ttf><c:/Windows/Fonts/simhei.ttf><c:/Windows/Fonts/simhei.tt
f><c:/Windows/Fonts/simhei.ttf><c:/Windows/Fonts/simhei.ttf><c:/Windows/Fonts/s
imhei.ttf><c:/Windows/Fonts/simhei.ttf><c:/Windows/Fonts/simhei.ttf><c:/Windows
/Fonts/simhei.ttf><c:/Windows/Fonts/simhei.ttf><c:/Windows/Fonts/simhei.ttf><c:
/Windows/Fonts/simhei.ttf><c:/Windows/Fonts/simhei.ttf><c:/Windows/Fonts/simhei
.ttf><c:/Windows/Fonts/simhei.ttf><c:/Windows/Fonts/simhei.ttf><c:/Windows/Font
s/simhei.ttf><c:/Windows/Fonts/simhei.ttf><c:/Windows/Fonts/simhei.ttf><c:/Wind
ows/Fonts/simhei.ttf><c:/Windows/Fonts/simhei.ttf><c:/Windows/Fonts/simhei.ttf>
<c:/Windows/Fonts/simhei.ttf><c:/Windows/Fonts/simhei.ttf><c:/Windows/Fonts/sim
hei.ttf><d:/texlive/2020/texmf-dist/fonts/type1/public/amsfonts/cm/cmex10.pfb><
d:/texlive/2020/texmf-dist/fonts/type1/public/amsfonts/cm/cmmi10.pfb><d:/texliv
e/2020/texmf-dist/fonts/type1/public/amsfonts/cm/cmmi8.pfb><d:/texlive/2020/tex
mf-dist/fonts/type1/public/amsfonts/cm/cmr10.pfb><d:/texlive/2020/texmf-dist/fo
nts/type1/public/amsfonts/cm/cmr8.pfb><d:/texlive/2020/texmf-dist/fonts/type1/p
ublic/amsfonts/cm/cmsy10.pfb><d:/texlive/2020/texmf-dist/fonts/type1/public/ams
fonts/cm/cmsy8.pfb><d:/texlive/2020/texmf-dist/fonts/type1/urw/courier/ucrr8a.p
fb><d:/texlive/2020/texmf-dist/fonts/type1/urw/times/utmb8a.pfb><d:/texlive/202
0/texmf-dist/fonts/type1/urw/times/utmr8a.pfb><d:/texlive/2020/texmf-dist/fonts
/type1/urw/times/utmri8a.pfb>
Output written on report.pdf (16 pages, 995582 bytes).
PDF statistics:
 1038 PDF objects out of 1200 (max. 8388607)
 762 compressed objects within 8 object streams
 139 named destinations out of 1000 (max. 500000)
 24389 words of extra memory for PDF output out of 24883 (max. 10000000)

