\BOOKMARK [1][-]{section.1}{\376\377\133\236\232\214\166\356\166\204}{}% 1
\BOOKMARK [1][-]{section.2}{\376\377\133\236\232\214\211\201\154\102\123\312\133\236\232\214\163\257\130\203}{}% 2
\BOOKMARK [2][-]{subsection.2.1}{\376\377\133\236\232\214\211\201\154\102}{section.2}% 3
\BOOKMARK [2][-]{subsection.2.2}{\376\377\133\236\232\214\163\257\130\203}{section.2}% 4
\BOOKMARK [1][-]{section.3}{\376\377\213\276\213\241\140\035\140\363}{}% 5
\BOOKMARK [2][-]{subsection.3.1}{\376\377\000k\000-\000m\000e\000a\000n\000s\173\227\154\325}{section.3}% 6
\BOOKMARK [2][-]{subsection.3.2}{\376\377\232\330\145\257\155\367\124\010\152\041\127\213\377\010\000G\000M\000M\377\011}{section.3}% 7
\BOOKMARK [1][-]{section.4}{\376\377\133\236\232\214\176\323\147\234\122\006\147\220}{}% 8
\BOOKMARK [2][-]{subsection.4.1}{\376\377\165\037\142\020\145\160\143\156}{section.4}% 9
\BOOKMARK [2][-]{subsection.4.2}{\376\377\000k\000-\000m\000e\000a\000n\000s\173\227\154\325}{section.4}% 10
\BOOKMARK [2][-]{subsection.4.3}{\376\377\000G\000M\000M\173\227\154\325}{section.4}% 11
\BOOKMARK [2][-]{subsection.4.4}{\376\377\000U\000C\000I\145\160\143\156\226\306}{section.4}% 12
\BOOKMARK [1][-]{section.5}{\376\377\176\323\213\272}{}% 13
\BOOKMARK [1][-]{section*.7}{\376\377\226\104\137\125}{}% 14
\BOOKMARK [1][-]{appendix.A}{\376\377\156\220\116\343\170\001\377\010\136\046\154\350\221\312\377\011}{}% 15
\BOOKMARK [2][-]{subsection.A.1}{\376\377\165\037\142\020\145\160\143\156}{appendix.A}% 16
\BOOKMARK [2][-]{subsection.A.2}{\376\377\000k\000-\000m\000e\000a\000n\000s\173\227\154\325}{appendix.A}% 17
\BOOKMARK [2][-]{subsection.A.3}{\376\377\000G\000M\000M\173\227\154\325}{appendix.A}% 18
\BOOKMARK [2][-]{subsection.A.4}{\376\377\211\343\147\220\000U\000C\000I\145\160\143\156\226\306}{appendix.A}% 19
\BOOKMARK [2][-]{subsection.A.5}{\376\377\217\205\122\251\116\343\170\001}{appendix.A}% 20
